<article version="5.0" xml:lang="en"
        xmlns:dm="urn:x-suse:ns:docmanager"
        xmlns="http://docbook.org/ns/docbook"
        xmlns:xlink="http://www.w3.org/1999/xlink">
  <title>Example</title>
  <info>
    <dm:docmanager>
      <dm:status>b</dm:status>
      <dm:abc>B</dm:abc>
      <dm:xyz>Hi</dm:xyz>
    </dm:docmanager>
  </info>
  <para>Bla</para>
</article>